Acesso negado.
2026-03-20 11:11:00,029 [INFO] [SCAN] Scanning...
2026-03-20 11:11:00,089 [INFO] [SCAN] 78 files monitored
2026-03-20 11:11:00,089 [INFO] [START] File watcher started! (Ctrl+C to stop)
2026-03-20 11:13:03,870 [INFO] [SCAN] Scanning...
2026-03-20 11:13:03,927 [INFO] [SCAN] 72 files monitored
2026-03-20 11:13:03,927 [INFO] [START] File watcher started! (Ctrl+C to stop)
2026-03-20 11:13:06,065 [INFO] [SCHEDULED] alpha-test.md -> 1-test.md (5s)
2026-03-20 11:13:06,066 [INFO] [SCHEDULED] beta-test.md -> 1-test.md (5s)
2026-03-20 11:13:06,068 [INFO] [SCHEDULED] gamma-test.md -> 1-test.md (5s)
2026-03-20 11:13:11,415 [INFO] [RENAMED] alpha-test.md -> 1-test.md
2026-03-20 11:13:35,763 [INFO] [SCHEDULED] test-a.md -> 1-a.md (5s)
2026-03-20 11:13:35,765 [INFO] [SCHEDULED] test-b.md -> 1-b.md (5s)
2026-03-20 11:13:35,766 [INFO] [SCHEDULED] test-c.md -> 1-c.md (5s)
2026-03-20 11:13:36,939 [INFO] [SCHEDULED] test-a.md -> 1-a.md (10s)
2026-03-20 11:13:36,941 [INFO] [SCHEDULED] test-b.md -> 1-b.md (10s)
2026-03-20 11:13:36,942 [INFO] [SCHEDULED] test-c.md -> 1-c.md (10s)
2026-03-20 11:13:41,277 [INFO] [RENAMED] test-a.md -> 1-a.md
2026-03-20 11:13:41,278 [INFO] [RENAMED] test-b.md -> 1-b.md
2026-03-20 11:13:41,279 [INFO] [RENAMED] test-c.md -> 1-c.md
2026-03-20 11:13:56,490 [INFO] [SCAN] Scanning...
2026-03-20 11:13:56,550 [INFO] [SCAN] 75 files monitored
2026-03-20 11:13:56,550 [INFO] [START] File watcher started! (Ctrl+C to stop)
2026-03-20 11:13:58,682 [INFO] [DETECTED] test-a.md (rename in 5s)
2026-03-20 11:13:58,683 [INFO] [DETECTED] test-b.md (rename in 5s)
2026-03-20 11:13:58,684 [INFO] [DETECTED] test-c.md (rename in 5s)
2026-03-20 11:13:59,278 [INFO] [SCHEDULED] test-a.md -> 2-a.md (5s)
2026-03-20 11:13:59,279 [INFO] [SCHEDULED] test-b.md -> 2-b.md (5s)
2026-03-20 11:13:59,281 [INFO] [SCHEDULED] test-c.md -> 2-c.md (5s)
2026-03-20 11:14:04,043 [INFO] [RENAMED] test-a.md -> 2-a.md
2026-03-20 11:14:04,045 [INFO] [RENAMED] test-b.md -> 3-b.md
2026-03-20 11:14:04,049 [INFO] [RENAMED] test-c.md -> 4-c.md
